<?xml version="1.0" encoding="UTF-8"?>
<testng-results skipped="0" failed="0" total="1" passed="1">
  <reporter-output>
  </reporter-output>
  <suite name="Default suite" duration-ms="12944" started-at="2016-11-29T01:25:50Z" finished-at="2016-11-29T01:26:03Z">
    <groups>
    </groups>
    <test name="Default test" duration-ms="12944" started-at="2016-11-29T01:25:50Z" finished-at="2016-11-29T01:26:03Z">
      <class name="in.jsoft.newtours.testscripts.AllTestCases">
        <test-method status="PASS" signature="beforeHomePage(java.lang.String)[pri:0, instance:in.jsoft.newtours.testscripts.AllTestCases@5e3a8624]" name="beforeHomePage" is-config="true" duration-ms="7502" started-at="2016-11-28T20:25:51Z" finished-at="2016-11-28T20:25:59Z">
          <params>
            <param index="0">
              <value>
                <![CDATA[me]]>
              </value>
            </param>
          </params>
          <reporter-output>
          </reporter-output>
        </test-method> <!-- beforeHomePage -->
        <test-method status="PASS" signature="verifyHomePage(java.lang.String, java.lang.String)[pri:0, instance:in.jsoft.newtours.testscripts.AllTestCases@5e3a8624]" name="verifyHomePage" duration-ms="230" started-at="2016-11-28T20:25:59Z" data-provider="NewTours" finished-at="2016-11-28T20:25:59Z">
          <params>
            <param index="0">
              <value>
                <![CDATA[Welcome: Mercury Tours]]>
              </value>
            </param>
            <param index="1">
              <value>
                <![CDATA[1]]>
              </value>
            </param>
          </params>
          <reporter-output>
          </reporter-output>
        </test-method> <!-- verifyHomePage -->
        <test-method status="PASS" signature="afterMethod()[pri:0, instance:in.jsoft.newtours.testscripts.AllTestCases@5e3a8624]" name="afterMethod" is-config="true" duration-ms="4515" started-at="2016-11-28T20:25:59Z" finished-at="2016-11-28T20:26:03Z">
          <reporter-output>
          </reporter-output>
        </test-method> <!-- afterMethod -->
      </class> <!-- in.jsoft.newtours.testscripts.AllTestCases -->
    </test> <!-- Default test -->
  </suite> <!-- Default suite -->
</testng-results>
