<?xml version="1.0" encoding="UTF-8"?>
<testsuite name="TestSuite" time="2.583" tests="4" errors="0" skipped="3" failures="0">
  <properties>
[...]
</properties>
  <testcase name="verifyHomePage" classname="in.jsoft.newtours.testscripts.OpenBrowser" time="2.583"/>
  <testcase name="verifyHomePage" classname="in.jsoft.newtours.testscripts.AllTestCases" time="0">
    <skipped/>
  </testcase>
  <testcase name="verifyRegistrationPage" classname="in.jsoft.newtours.testscripts.AllTestCases" time="0">
    <skipped/>
  </testcase>
  <testcase name="verifySignOn" classname="in.jsoft.newtours.testscripts.AllTestCases" time="0">
    <skipped/>
  </testcase>
</testsuite>