<?xml version="1.0" encoding="UTF-8"?>
<!-- Generated by org.testng.reporters.JUnitXMLReporter -->
<testsuite hostname="SAIAASHRITH" name="Test" tests="4" failures="3" timestamp="26 Nov 2016 16:42:43 GMT" time="87.216" errors="0">
  <testcase name="verifyHomePage" time="0.112" classname="in.jsoft.newtours.testscripts.AllTestCases"/>
  <testcase name="verifyRegistrationPage" time="8.331" classname="in.jsoft.newtours.testscripts.AllTestCases">
    <failure type="org.openqa.selenium.ElementNotVisibleException" message="Element is not visible
Build info: version: &amp;apos;3.0.1&amp;apos;, revision: &amp;apos;1969d75&amp;apos;, time: &amp;apos;2016-10-18 09:49:13 -0700&amp;apos;
System info: host: &amp;apos;SAIAASHRITH&amp;apos;, ip: &amp;apos;192.168.248.1&amp;apos;, os.name: &amp;apos;Windows 10&amp;apos;, os.arch: &amp;apos;amd64&amp;apos;, os.version: &amp;apos;10.0&amp;apos;, java.version: &amp;apos;1.8.0_101&amp;apos;
Driver info: org.openqa.selenium.firefox.FirefoxDriver
Capabilities [{rotatable=false, raisesAccessibilityExceptions=false, marionette=true, firefoxOptions={args=[], prefs={}}, appBuildId=20160623154057, version=, platform=XP, proxy={}, command_id=1, specificationLevel=0, acceptSslCerts=false, browserVersion=47.0.1, platformVersion=10.0, XULappId={ec8030f7-c20a-464f-9b0e-13a3a9e97384}, browserName=Firefox, takesScreenshot=true, takesElementScreenshot=true, platformName=Windows_NT, device=desktop}]
Session ID: 4f29571a-57c0-498d-a391-ec3c8b7b2031">
      <![CDATA[org.openqa.selenium.ElementNotVisibleException: Element is not visible
Build info: version: '3.0.1', revision: '1969d75', time: '2016-10-18 09:49:13 -0700'
System info: host: 'SAIAASHRITH', ip: '192.168.248.1', os.name: 'Windows 10', os.arch: 'amd64', os.version: '10.0', java.version: '1.8.0_101'
Driver info: org.openqa.selenium.firefox.FirefoxDriver
Capabilities [{rotatable=false, raisesAccessibilityExceptions=false, marionette=true, firefoxOptions={args=[], prefs={}}, appBuildId=20160623154057, version=, platform=XP, proxy={}, command_id=1, specificationLevel=0, acceptSslCerts=false, browserVersion=47.0.1, platformVersion=10.0, XULappId={ec8030f7-c20a-464f-9b0e-13a3a9e97384}, browserName=Firefox, takesScreenshot=true, takesElementScreenshot=true, platformName=Windows_NT, device=desktop}]
Session ID: 4f29571a-57c0-498d-a391-ec3c8b7b2031
	at org.openqa.selenium.remote.http.W3CHttpResponseCodec.createException(W3CHttpResponseCodec.java:127)
	at org.openqa.selenium.remote.http.W3CHttpResponseCodec.decode(W3CHttpResponseCodec.java:93)
	at org.openqa.selenium.remote.http.W3CHttpResponseCodec.decode(W3CHttpResponseCodec.java:42)
	at org.openqa.selenium.remote.HttpCommandExecutor.execute(HttpCommandExecutor.java:163)
	at org.openqa.selenium.remote.service.DriverCommandExecutor.execute(DriverCommandExecutor.java:82)
	at org.openqa.selenium.remote.RemoteWebDriver.execute(RemoteWebDriver.java:601)
	at org.openqa.selenium.remote.RemoteWebElement.execute(RemoteWebElement.java:274)
	at org.openqa.selenium.remote.RemoteWebElement.click(RemoteWebElement.java:84)
	at org.openqa.selenium.support.ui.Select.setSelected(Select.java:324)
	at org.openqa.selenium.support.ui.Select.selectByVisibleText(Select.java:120)
	at in.jsoft.newtours.allpagesfunctionality.NewToursRegistrationPage.setcountry(NewToursRegistrationPage.java:73)
	at in.jsoft.newtours.testscripts.AllTestCases.verifyRegistrationPage(AllTestCases.java:87)
... Removed 29 stack frames]]>
    </failure>
  </testcase> <!-- verifyRegistrationPage -->
  <testcase name="verifyRegistrationPage" time="8.262" classname="in.jsoft.newtours.testscripts.AllTestCases">
    <failure type="org.openqa.selenium.ElementNotVisibleException" message="Element is not visible
Build info: version: &amp;apos;3.0.1&amp;apos;, revision: &amp;apos;1969d75&amp;apos;, time: &amp;apos;2016-10-18 09:49:13 -0700&amp;apos;
System info: host: &amp;apos;SAIAASHRITH&amp;apos;, ip: &amp;apos;192.168.248.1&amp;apos;, os.name: &amp;apos;Windows 10&amp;apos;, os.arch: &amp;apos;amd64&amp;apos;, os.version: &amp;apos;10.0&amp;apos;, java.version: &amp;apos;1.8.0_101&amp;apos;
Driver info: org.openqa.selenium.firefox.FirefoxDriver
Capabilities [{rotatable=false, raisesAccessibilityExceptions=false, marionette=true, firefoxOptions={args=[], prefs={}}, appBuildId=20160623154057, version=, platform=XP, proxy={}, command_id=1, specificationLevel=0, acceptSslCerts=false, browserVersion=47.0.1, platformVersion=10.0, XULappId={ec8030f7-c20a-464f-9b0e-13a3a9e97384}, browserName=Firefox, takesScreenshot=true, takesElementScreenshot=true, platformName=Windows_NT, device=desktop}]
Session ID: ed37936c-b289-44a5-b77c-001405c8e848">
      <![CDATA[org.openqa.selenium.ElementNotVisibleException: Element is not visible
Build info: version: '3.0.1', revision: '1969d75', time: '2016-10-18 09:49:13 -0700'
System info: host: 'SAIAASHRITH', ip: '192.168.248.1', os.name: 'Windows 10', os.arch: 'amd64', os.version: '10.0', java.version: '1.8.0_101'
Driver info: org.openqa.selenium.firefox.FirefoxDriver
Capabilities [{rotatable=false, raisesAccessibilityExceptions=false, marionette=true, firefoxOptions={args=[], prefs={}}, appBuildId=20160623154057, version=, platform=XP, proxy={}, command_id=1, specificationLevel=0, acceptSslCerts=false, browserVersion=47.0.1, platformVersion=10.0, XULappId={ec8030f7-c20a-464f-9b0e-13a3a9e97384}, browserName=Firefox, takesScreenshot=true, takesElementScreenshot=true, platformName=Windows_NT, device=desktop}]
Session ID: ed37936c-b289-44a5-b77c-001405c8e848
	at org.openqa.selenium.remote.http.W3CHttpResponseCodec.createException(W3CHttpResponseCodec.java:127)
	at org.openqa.selenium.remote.http.W3CHttpResponseCodec.decode(W3CHttpResponseCodec.java:93)
	at org.openqa.selenium.remote.http.W3CHttpResponseCodec.decode(W3CHttpResponseCodec.java:42)
	at org.openqa.selenium.remote.HttpCommandExecutor.execute(HttpCommandExecutor.java:163)
	at org.openqa.selenium.remote.service.DriverCommandExecutor.execute(DriverCommandExecutor.java:82)
	at org.openqa.selenium.remote.RemoteWebDriver.execute(RemoteWebDriver.java:601)
	at org.openqa.selenium.remote.RemoteWebElement.execute(RemoteWebElement.java:274)
	at org.openqa.selenium.remote.RemoteWebElement.click(RemoteWebElement.java:84)
	at org.openqa.selenium.support.ui.Select.setSelected(Select.java:324)
	at org.openqa.selenium.support.ui.Select.selectByVisibleText(Select.java:120)
	at in.jsoft.newtours.allpagesfunctionality.NewToursRegistrationPage.setcountry(NewToursRegistrationPage.java:73)
	at in.jsoft.newtours.testscripts.AllTestCases.verifyRegistrationPage(AllTestCases.java:87)
... Removed 29 stack frames]]>
    </failure>
  </testcase> <!-- verifyRegistrationPage -->
  <testcase name="verifyRegistrationPage" time="14.552" classname="in.jsoft.newtours.testscripts.AllTestCases">
    <failure type="java.lang.AssertionError" message="expected [Dear Manasa Yed,
Thank you for registering. You may now sign-in using the user name and password you&amp;apos;ve just entered.
Note: Your user name is manasa.y20.] but found [Dear richa Yed,
Thank you for registering. You may now sign-in using the user name and password you&amp;apos;ve just entered.
Note: Your user name is richa.b20.]">
      <![CDATA[java.lang.AssertionError: expected [Dear Manasa Yed,
Thank you for registering. You may now sign-in using the user name and password you've just entered.
Note: Your user name is manasa.y20.] but found [Dear richa Yed,
Thank you for registering. You may now sign-in using the user name and password you've just entered.
Note: Your user name is richa.b20.]
	at in.jsoft.newtours.testscripts.AllTestCases.verifyRegistrationPage(AllTestCases.java:105)
... Removed 31 stack frames]]>
    </failure>
  </testcase> <!-- verifyRegistrationPage -->
</testsuite> <!-- Test -->
