<?xml version="1.0" encoding="UTF-8"?>
<!-- Generated by org.testng.reporters.JUnitXMLReporter -->
<testsuite hostname="SAIAASHRITH" name="Test" tests="4" failures="0" timestamp="26 Nov 2016 15:28:27 GMT" time="30.987" errors="0">
  <testcase name="verifyHomePage" time="2.58" classname="in.jsoft.newtours.testscripts.OpenBrowser"/>
  <testcase name="verifyHomePage" time="0.0" classname="in.jsoft.newtours.testscripts.AllTestCases">
    <skipped/>
  </testcase> <!-- verifyHomePage -->
  <testcase name="verifyRegistrationPage" time="0.0" classname="in.jsoft.newtours.testscripts.AllTestCases">
    <skipped/>
  </testcase> <!-- verifyRegistrationPage -->
  <testcase name="verifySignOn" time="0.0" classname="in.jsoft.newtours.testscripts.AllTestCases">
    <skipped/>
  </testcase> <!-- verifySignOn -->
</testsuite> <!-- Test -->
